c:\users\jbenj\onedrive\desktop\graphicstutorials\debug\bengine.pdb
c:\users\jbenj\onedrive\desktop\graphicstutorials\debug\bengine.idb
c:\users\jbenj\onedrive\desktop\graphicstutorials\bengine\debug\texturecache.obj
c:\users\jbenj\onedrive\desktop\graphicstutorials\bengine\debug\sprite.obj
c:\users\jbenj\onedrive\desktop\graphicstutorials\bengine\debug\resourcemanager.obj
c:\users\jbenj\onedrive\desktop\graphicstutorials\bengine\debug\picopng.obj
c:\users\jbenj\onedrive\desktop\graphicstutorials\bengine\debug\iomanager.obj
c:\users\jbenj\onedrive\desktop\graphicstutorials\bengine\debug\imageloader.obj
c:\users\jbenj\onedrive\desktop\graphicstutorials\bengine\debug\glslprogram.obj
c:\users\jbenj\onedrive\desktop\graphicstutorials\bengine\debug\errors.obj
c:\users\jbenj\onedrive\desktop\graphicstutorials\bengine\debug\bengine.obj
c:\users\jbenj\onedrive\desktop\graphicstutorials\bengine\debug\window.obj
c:\users\jbenj\onedrive\desktop\graphicstutorials\debug\bengine.lib
c:\users\jbenj\onedrive\desktop\graphicstutorials\bengine\debug\bengine.tlog\cl.command.1.tlog
c:\users\jbenj\onedrive\desktop\graphicstutorials\bengine\debug\bengine.tlog\cl.items.tlog
c:\users\jbenj\onedrive\desktop\graphicstutorials\bengine\debug\bengine.tlog\cl.read.1.tlog
c:\users\jbenj\onedrive\desktop\graphicstutorials\bengine\debug\bengine.tlog\cl.write.1.tlog
c:\users\jbenj\onedrive\desktop\graphicstutorials\bengine\debug\bengine.tlog\lib-link.read.1.tlog
c:\users\jbenj\onedrive\desktop\graphicstutorials\bengine\debug\bengine.tlog\lib-link.write.1.tlog
c:\users\jbenj\onedrive\desktop\graphicstutorials\bengine\debug\bengine.tlog\lib.command.1.tlog
